    at io.netty.codec@4.1.118.Final/io.netty.handler.codec.MessageAggregator.channelInactive(MessageAggregator.java:436)
    at io.netty.transport@4.1.118.Final/io.netty.channel.AbstractChannelHandlerContext.invokeChannelInactive(AbstractChannelHandlerContext.java:303)
    at io.netty.transport@4.1.118.Final/io.netty.channel.AbstractChannelHandlerContext.invokeChannelInactive(AbstractChannelHandlerContext.java:281)
    at io.netty.transport@4.1.118.Final/io.netty.channel.AbstractChannelHandlerContext.fireChannelInactive(AbstractChannelHandlerContext.java:274)
    at io.netty.transport@4.1.118.Final/io.netty.channel.ChannelInboundHandlerAdapter.channelInactive(ChannelInboundHandlerAdapter.java:81)
    at io.netty.codec.http@4.1.118.Final/io.netty.handler.codec.http.HttpContentDecoder.channelInactive(HttpContentDecoder.java:235)
    at io.netty.transport@4.1.118.Final/io.netty.channel.AbstractChannelHandlerContext.invokeChannelInactive(AbstractChannelHandlerContext.java:303)
    at io.netty.transport@4.1.118.Final/io.netty.channel.AbstractChannelHandlerContext.invokeChannelInactive(AbstractChannelHandlerContext.java:281)
    at io.netty.transport@4.1.118.Final/io.netty.channel.AbstractChannelHandlerContext.fireChannelInactive(AbstractChannelHandlerContext.java:274)
    at io.netty.transport@4.1.118.Final/io.netty.channel.ChannelInboundHandlerAdapter.channelInactive(ChannelInboundHandlerAdapter.java:81)
    at org.elasticsearch.transport.netty4@8.18.4/org.elasticsearch.http.netty4.Netty4HttpHeaderValidator.channelInactive(Netty4HttpHeaderValidator.java:205)
    at io.netty.transport@4.1.118.Final/io.netty.channel.AbstractChannelHandlerContext.invokeChannelInactive(AbstractChannelHandlerContext.java:303)
    at io.netty.transport@4.1.118.Final/io.netty.channel.AbstractChannelHandlerContext.invokeChannelInactive(AbstractChannelHandlerContext.java:281)
    at io.netty.transport@4.1.118.Final/io.netty.channel.AbstractChannelHandlerContext.fireChannelInactive(AbstractChannelHandlerContext.java:274)
    at io.netty.codec@4.1.118.Final/io.netty.handler.codec.ByteToMessageDecoder.channelInputClosed(ByteToMessageDecoder.java:412)
    at io.netty.codec@4.1.118.Final/io.netty.handler.codec.ByteToMessageDecoder.channelInactive(ByteToMessageDecoder.java:377)
    at io.netty.transport@4.1.118.Final/io.netty.channel.AbstractChannelHandlerContext.invokeChannelInactive(AbstractChannelHandlerContext.java:303)
    at io.netty.transport@4.1.118.Final/io.netty.channel.AbstractChannelHandlerContext.invokeChannelInactive(AbstractChannelHandlerContext.java:281)
    at io.netty.transport@4.1.118.Final/io.netty.channel.AbstractChannelHandlerContext.fireChannelInactive(AbstractChannelHandlerContext.java:274)
    at io.netty.transport@4.1.118.Final/io.netty.channel.ChannelInboundHandlerAdapter.channelInactive(ChannelInboundHandlerAdapter.java:81)
    at org.elasticsearch.transport.netty4@8.18.4/org.elasticsearch.transport.netty4.Netty4WriteThrottlingHandler.channelInactive(Netty4WriteThrottlingHandler.java:172)
    at io.netty.transport@4.1.118.Final/io.netty.channel.AbstractChannelHandlerContext.invokeChannelInactive(AbstractChannelHandlerContext.java:303)
    at io.netty.transport@4.1.118.Final/io.netty.channel.AbstractChannelHandlerContext.invokeChannelInactive(AbstractChannelHandlerContext.java:281)
    at io.netty.transport@4.1.118.Final/io.netty.channel.AbstractChannelHandlerContext.fireChannelInactive(AbstractChannelHandlerContext.java:274)
    at io.netty.codec@4.1.118.Final/io.netty.handler.codec.ByteToMessageDecoder.channelInputClosed(ByteToMessageDecoder.java:412)
    at io.netty.codec@4.1.118.Final/io.netty.handler.codec.ByteToMessageDecoder.channelInactive(ByteToMessageDecoder.java:377)
    at io.netty.handler@4.1.118.Final/io.netty.handler.ssl.SslHandler.channelInactive(SslHandler.java:1192)
    at io.netty.transport@4.1.118.Final/io.netty.channel.AbstractChannelHandlerContext.invokeChannelInactive(AbstractChannelHandlerContext.java:303)
    at io.netty.transport@4.1.118.Final/io.netty.channel.AbstractChannelHandlerContext.invokeChannelInactive(AbstractChannelHandlerContext.java:281)
    at io.netty.transport@4.1.118.Final/io.netty.channel.AbstractChannelHandlerContext.fireChannelInactive(AbstractChannelHandlerContext.java:274)
    at io.netty.transport@4.1.118.Final/io.netty.channel.DefaultChannelPipeline$HeadContext.channelInactive(DefaultChannelPipeline.java:1352)
    at io.netty.transport@4.1.118.Final/io.netty.channel.AbstractChannelHandlerContext.invokeChannelInactive(AbstractChannelHandlerContext.java:301)
    at io.netty.transport@4.1.118.Final/io.netty.channel.AbstractChannelHandlerContext.invokeChannelInactive(AbstractChannelHandlerContext.java:281)
    at io.netty.transport@4.1.118.Final/io.netty.channel.DefaultChannelPipeline.fireChannelInactive(DefaultChannelPipeline.java:850)
    at io.netty.transport@4.1.118.Final/io.netty.channel.AbstractChannel$AbstractUnsafe$7.run(AbstractChannel.java:811)
    at io.netty.common@4.1.118.Final/io.netty.util.concurrent.AbstractEventExecutor.runTask(AbstractEventExecutor.java:173)
    at io.netty.common@4.1.118.Final/io.netty.util.concurrent.AbstractEventExecutor.safeExecute(AbstractEventExecutor.java:166)
    at io.netty.common@4.1.118.Final/io.netty.util.concurrent.SingleThreadEventExecutor.runAllTasks(SingleThreadEventExecutor.java:472)
    at io.netty.transport@4.1.118.Final/io.netty.channel.nio.NioEventLoop.run(NioEventLoop.java:566)
    at io.netty.common@4.1.118.Final/io.netty.util.concurrent.SingleThreadEventExecutor$4.run(SingleThreadEventExecutor.java:998)
    at io.netty.common@4.1.118.Final/io.netty.util.internal.ThreadExecutorMap$2.run(ThreadExecutorMap.java:74)
    at java.base/java.lang.Thread.run(Thread.java:1447)

[2025-10-24T17:51:22,526][WARN ][o.e.m.j.JvmGcMonitorService] [tigera-secure-es-7f5dee596fef130f-0] [gc][1243] overhead, spent [1.3s] collecting in the last [1.8s]
[2025-10-24T17:51:29,745][WARN ][o.e.m.j.JvmGcMonitorService] [tigera-secure-es-7f5dee596fef130f-0] [gc][1249] overhead, spent [1.3s] collecting in the last [2.1s]
[2025-10-24T17:51:33,935][WARN ][o.e.m.j.JvmGcMonitorService] [tigera-secure-es-7f5dee596fef130f-0] [gc][1252] overhead, spent [1.2s] collecting in the last [2.1s]
[2025-10-24T17:51:39,029][WARN ][o.e.m.j.JvmGcMonitorService] [tigera-secure-es-7f5dee596fef130f-0] [gc][1256] overhead, spent [1.6s] collecting in the last [2s]
[2025-10-24T17:51:39,217][WARN ][o.e.h.AbstractHttpServerTransport] [tigera-secure-es-7f5dee596fef130f-0] caught exception while handling client http traffic, closing connection Netty4HttpChannel{localAddress=/192.171.28.196:9200, remoteAddress=/192.171.241.68:34568} io.netty.handler.codec.PrematureChannelClosureException: Channel closed while still aggregating message
    at io.netty.codec@4.1.118.Final/io.netty.handler.codec.MessageAggregator.channelInactive(MessageAggregator.java:436)
    at io.netty.transport@4.1.118.Final/io.netty.channel.AbstractChannelHandlerContext.invokeChannelInactive(AbstractChannelHandlerContext.java:303)
    at io.netty.transport@4.1.118.Final/io.netty.channel.AbstractChannelHandlerContext.invokeChannelInactive(AbstractChannelHandlerContext.java:281)
    at io.netty.transport@4.1.118.Final/io.netty.channel.AbstractChannelHandlerContext.fireChannelInactive(AbstractChannelHandlerContext.java:274)
    at io.netty.transport@4.1.118.Final/io.netty.channel.ChannelInboundHandlerAdapter.channelInactive(ChannelInboundHandlerAdapter.java:81)
    at io.netty.codec.http@4.1.118.Final/io.netty.handler.codec.http.HttpContentDecoder.channelInactive(HttpContentDecoder.java:235)
    at io.netty.transport@4.1.118.Final/io.netty.channel.AbstractChannelHandlerContext.invokeChannelInactive(AbstractChannelHandlerContext.java:303)
    at io.netty.transport@4.1.118.Final/io.netty.channel.AbstractChannelHandlerContext.invokeChannelInactive(AbstractChannelHandlerContext.java:281)
    at io.netty.transport@4.1.118.Final/io.netty.channel.AbstractChannelHandlerContext.fireChannelInactive(AbstractChannelHandlerContext.java:274)
    at io.netty.transport@4.1.118.Final/io.netty.channel.ChannelInboundHandlerAdapter.channelInactive(ChannelInboundHandlerAdapter.java:81)
    at org.elasticsearch.transport.netty4@8.18.4/org.elasticsearch.http.netty4.Netty4HttpHeaderValidator.channelInactive(Netty4HttpHeaderValidator.java:205)
    at io.netty.transport@4.1.118.Final/io.netty.channel.AbstractChannelHandlerContext.invokeChannelInactive(AbstractChannelHandlerContext.java:303)
    at io.netty.transport@4.1.118.Final/io.netty.channel.AbstractChannelHandlerContext.invokeChannelInactive(AbstractChannelHandlerContext.java:281)
    at io.netty.transport@4.1.118.Final/io.netty.channel.AbstractChannelHandlerContext.fireChannelInactive(AbstractChannelHandlerContext.java:274)
    at io.netty.codec@4.1.118.Final/io.netty.handler.codec.ByteToMessageDecoder.channelInputClosed(ByteToMessageDecoder.java:412)
    at io.netty.codec@4.1.118.Final/io.netty.handler.codec.ByteToMessageDecoder.channelInactive(ByteToMessageDecoder.java:377)
    at io.netty.transport@4.1.118.Final/io.netty.channel.AbstractChannelHandlerContext.invokeChannelInactive(AbstractChannelHandlerContext.java:303)
    at io.netty.transport@4.1.118.Final/io.netty.channel.AbstractChannelHandlerContext.invokeChannelInactive(AbstractChannelHandlerContext.java:281)
    at io.netty.transport@4.1.118.Final/io.netty.channel.AbstractChannelHandlerContext.fireChannelInactive(AbstractChannelHandlerContext.java:274)
    at io.netty.transport@4.1.118.Final/io.netty.channel.ChannelInboundHandlerAdapter.channelInactive(ChannelInboundHandlerAdapter.java:81)
    at org.elasticsearch.transport.netty4@8.18.4/org.elasticsearch.transport.netty4.Netty4WriteThrottlingHandler.channelInactive(Netty4WriteThrottlingHandler.java:172)
    at io.netty.transport@4.1.118.Final/io.netty.channel.AbstractChannelHandlerContext.invokeChannelInactive(AbstractChannelHandlerContext.java:303)
    at io.netty.transport@4.1.118.Final/io.netty.channel.AbstractChannelHandlerContext.invokeChannelInactive(AbstractChannelHandlerContext.java:281)
    at io.netty.transport@4.1.118.Final/io.netty.channel.AbstractChannelHandlerContext.fireChannelInactive(AbstractChannelHandlerContext.java:274)
    at io.netty.codec@4.1.118.Final/io.netty.handler.codec.ByteToMessageDecoder.channelInputClosed(ByteToMessageDecoder.java:412)
    at io.netty.codec@4.1.118.Final/io.netty.handler.codec.ByteToMessageDecoder.channelInactive(ByteToMessageDecoder.java:377)
    at io.netty.handler@4.1.118.Final/io.netty.handler.ssl.SslHandler.channelInactive(SslHandler.java:1192)
    at io.netty.transport@4.1.118.Final/io.netty.channel.AbstractChannelHandlerContext.invokeChannelInactive(AbstractChannelHandlerContext.java:303)
    at io.netty.transport@4.1.118.Final/io.netty.channel.AbstractChannelHandlerContext.invokeChannelInactive(AbstractChannelHandlerContext.java:281)
    at io.netty.transport@4.1.118.Final/io.netty.channel.AbstractChannelHandlerContext.fireChannelInactive(AbstractChannelHandlerContext.java:274)
    at io.netty.transport@4.1.118.Final/io.netty.channel.DefaultChannelPipeline$HeadContext.channelInactive(DefaultChannelPipeline.java:1352)
    at io.netty.transport@4.1.118.Final/io.netty.channel.AbstractChannelHandlerContext.invokeChannelInactive(AbstractChannelHandlerContext.java:301)
    at io.netty.transport@4.1.118.Final/io.netty.channel.AbstractChannelHandlerContext.invokeChannelInactive(AbstractChannelHandlerContext.java:281)
    at io.netty.transport@4.1.118.Final/io.netty.channel.DefaultChannelPipeline.fireChannelInactive(DefaultChannelPipeline.java:850)
    at io.netty.transport@4.1.118.Final/io.netty.channel.AbstractChannel$AbstractUnsafe$7.run(AbstractChannel.java:811)
    at io.netty.common@4.1.118.Final/io.netty.util.concurrent.AbstractEventExecutor.runTask(AbstractEventExecutor.java:173)
    at io.netty.common@4.1.118.Final/io.netty.util.concurrent.AbstractEventExecutor.safeExecute(AbstractEventExecutor.java:166)
    at io.netty.common@4.1.118.Final/io.netty.util.concurrent.SingleThreadEventExecutor.runAllTasks(SingleThreadEventExecutor.java:472)
    at io.netty.transport@4.1.118.Final/io.netty.channel.nio.NioEventLoop.run(NioEventLoop.java:566)
    at io.netty.common@4.1.118.Final/io.netty.util.concurrent.SingleThreadEventExecutor$4.run(SingleThreadEventExecutor.java:998)
    at io.netty.common@4.1.118.Final/io.netty.util.internal.ThreadExecutorMap$2.run(ThreadExecutorMap.java:74)
    at java.base/java.lang.Thread.run(Thread.java:1447)

[2025-10-24T17:51:45,740][WARN ][o.e.m.j.JvmGcMonitorService] [tigera-secure-es-7f5dee596fef130f-0] [gc][1262] overhead, spent [1.4s] collecting in the last [1.6s]
[2025-10-24T17:52:02,012][WARN ][o.e.m.j.JvmGcMonitorService] [tigera-secure-es-7f5dee596fef130f-0] [gc][1278] overhead, spent [681ms] collecting in the last [1s]
[2025-10-24T17:52:03,910][WARN ][o.e.m.j.JvmGcMonitorService] [tigera-secure-es-7f5dee596fef130f-0] [gc][1279] overhead, spent [1.8s] collecting in the last [1.8s]
[2025-10-24T17:52:11,005][INFO ][o.e.m.j.JvmGcMonitorService] [tigera-secure-es-7f5dee596fef130f-0] [gc][1286] overhead, spent [273ms] collecting in the last [1s]
[2025-10-24T17:52:16,726][WARN ][o.e.m.j.JvmGcMonitorService] [tigera-secure-es-7f5dee596fef130f-0] [gc][1291] overhead, spent [1.4s] collecting in the last [1.7s]
[2025-10-24T17:52:20,219][WARN ][o.e.h.AbstractHttpServerTransport] [tigera-secure-es-7f5dee596fef130f-0] http channel [Netty4HttpChannel{localAddress=/192.171.28.196:9200, remoteAddress=/192.169.6.196:38804}] closed before starting to handle [null][HEAD][/]
[2025-10-24T17:52:21,407][WARN ][o.e.h.AbstractHttpServerTransport] [tigera-secure-es-7f5dee596fef130f-0] http channel [Netty4HttpChannel{localAddress=/192.171.28.196:9200, remoteAddress=/192.171.241.68:41478}] closed before starting to handle [null][HEAD][/]
[2025-10-24T17:52:33,339][WARN ][o.e.m.j.JvmGcMonitorService] [tigera-secure-es-7f5dee596fef130f-0] [gc][1306] overhead, spent [1.6s] collecting in the last [2.4s]
[2025-10-24T17:52:43,610][WARN ][o.e.h.AbstractHttpServerTransport] [tigera-secure-es-7f5dee596fef130f-0] http channel [Netty4HttpChannel{localAddress=/127.0.0.1:9200, remoteAddress=/127.0.0.1:53438}] closed before starting to handle [null][GET][/]
[2025-10-24T17:52:48,520][WARN ][o.e.m.j.JvmGcMonitorService] [tigera-secure-es-7f5dee596fef130f-0] [gc][1320] overhead, spent [1.9s] collecting in the last [2s]
