[2025-10-24T18:21:36,926][INFO ][o.e.p.PluginsService     ] [tigera-secure-es-7f5dee596fef130f-0] loaded module [parent-join]
[2025-10-24T18:21:36,926][INFO ][o.e.p.PluginsService     ] [tigera-secure-es-7f5dee596fef130f-0] loaded module [x-pack-enrich]
[2025-10-24T18:21:36,926][INFO ][o.e.p.PluginsService     ] [tigera-secure-es-7f5dee596fef130f-0] loaded module [counted-keyword]
[2025-10-24T18:21:36,927][INFO ][o.e.p.PluginsService     ] [tigera-secure-es-7f5dee596fef130f-0] loaded module [repositories-metering-api]
[2025-10-24T18:21:36,927][INFO ][o.e.p.PluginsService     ] [tigera-secure-es-7f5dee596fef130f-0] loaded module [transform]
[2025-10-24T18:21:36,927][INFO ][o.e.p.PluginsService     ] [tigera-secure-es-7f5dee596fef130f-0] loaded module [repository-azure]
[2025-10-24T18:21:36,927][INFO ][o.e.p.PluginsService     ] [tigera-secure-es-7f5dee596fef130f-0] loaded module [dot-prefix-validation]
[2025-10-24T18:21:36,928][INFO ][o.e.p.PluginsService     ] [tigera-secure-es-7f5dee596fef130f-0] loaded module [repository-gcs]
[2025-10-24T18:21:36,928][INFO ][o.e.p.PluginsService     ] [tigera-secure-es-7f5dee596fef130f-0] loaded module [spatial]
[2025-10-24T18:21:36,928][INFO ][o.e.p.PluginsService     ] [tigera-secure-es-7f5dee596fef130f-0] loaded module [x-pack-otel-data]
[2025-10-24T18:21:36,928][INFO ][o.e.p.PluginsService     ] [tigera-secure-es-7f5dee596fef130f-0] loaded module [mapper-version]
[2025-10-24T18:21:36,929][INFO ][o.e.p.PluginsService     ] [tigera-secure-es-7f5dee596fef130f-0] loaded module [mapper-extras]
[2025-10-24T18:21:36,929][INFO ][o.e.p.PluginsService     ] [tigera-secure-es-7f5dee596fef130f-0] loaded module [apm]
[2025-10-24T18:21:36,929][INFO ][o.e.p.PluginsService     ] [tigera-secure-es-7f5dee596fef130f-0] loaded module [x-pack-rollup]
[2025-10-24T18:21:36,929][INFO ][o.e.p.PluginsService     ] [tigera-secure-es-7f5dee596fef130f-0] loaded module [percolator]
[2025-10-24T18:21:36,930][INFO ][o.e.p.PluginsService     ] [tigera-secure-es-7f5dee596fef130f-0] loaded module [x-pack-migrate]
[2025-10-24T18:21:36,930][INFO ][o.e.p.PluginsService     ] [tigera-secure-es-7f5dee596fef130f-0] loaded module [data-streams]
[2025-10-24T18:21:36,930][INFO ][o.e.p.PluginsService     ] [tigera-secure-es-7f5dee596fef130f-0] loaded module [x-pack-stack]
[2025-10-24T18:21:36,931][INFO ][o.e.p.PluginsService     ] [tigera-secure-es-7f5dee596fef130f-0] loaded module [reindex]
[2025-10-24T18:21:36,931][INFO ][o.e.p.PluginsService     ] [tigera-secure-es-7f5dee596fef130f-0] loaded module [rank-eval]
[2025-10-24T18:21:36,931][INFO ][o.e.p.PluginsService     ] [tigera-secure-es-7f5dee596fef130f-0] loaded module [x-pack-security]
[2025-10-24T18:21:36,931][INFO ][o.e.p.PluginsService     ] [tigera-secure-es-7f5dee596fef130f-0] loaded module [blob-cache]
[2025-10-24T18:21:36,931][INFO ][o.e.p.PluginsService     ] [tigera-secure-es-7f5dee596fef130f-0] loaded module [searchable-snapshots]
[2025-10-24T18:21:36,932][INFO ][o.e.p.PluginsService     ] [tigera-secure-es-7f5dee596fef130f-0] loaded module [x-pack-slm]
[2025-10-24T18:21:36,932][INFO ][o.e.p.PluginsService     ] [tigera-secure-es-7f5dee596fef130f-0] loaded module [x-pack-geoip-enterprise-downloader]
[2025-10-24T18:21:36,932][INFO ][o.e.p.PluginsService     ] [tigera-secure-es-7f5dee596fef130f-0] loaded module [snapshot-based-recoveries]
[2025-10-24T18:21:36,933][INFO ][o.e.p.PluginsService     ] [tigera-secure-es-7f5dee596fef130f-0] loaded module [x-pack-watcher]
[2025-10-24T18:21:36,933][INFO ][o.e.p.PluginsService     ] [tigera-secure-es-7f5dee596fef130f-0] loaded module [old-lucene-versions]
[2025-10-24T18:21:36,933][INFO ][o.e.p.PluginsService     ] [tigera-secure-es-7f5dee596fef130f-0] loaded module [x-pack-ilm]
[2025-10-24T18:21:36,933][INFO ][o.e.p.PluginsService     ] [tigera-secure-es-7f5dee596fef130f-0] loaded module [x-pack-voting-only-node]
[2025-10-24T18:21:36,934][INFO ][o.e.p.PluginsService     ] [tigera-secure-es-7f5dee596fef130f-0] loaded module [x-pack-inference]
[2025-10-24T18:21:36,934][INFO ][o.e.p.PluginsService     ] [tigera-secure-es-7f5dee596fef130f-0] loaded module [x-pack-deprecation]
[2025-10-24T18:21:36,934][INFO ][o.e.p.PluginsService     ] [tigera-secure-es-7f5dee596fef130f-0] loaded module [x-pack-fleet]
[2025-10-24T18:21:36,934][INFO ][o.e.p.PluginsService     ] [tigera-secure-es-7f5dee596fef130f-0] loaded module [x-pack-profiling]
[2025-10-24T18:21:36,935][INFO ][o.e.p.PluginsService     ] [tigera-secure-es-7f5dee596fef130f-0] loaded module [x-pack-aggregate-metric]
[2025-10-24T18:21:36,935][INFO ][o.e.p.PluginsService     ] [tigera-secure-es-7f5dee596fef130f-0] loaded module [x-pack-downsample]
[2025-10-24T18:21:36,935][INFO ][o.e.p.PluginsService     ] [tigera-secure-es-7f5dee596fef130f-0] loaded module [ingest-geoip]
[2025-10-24T18:21:36,935][INFO ][o.e.p.PluginsService     ] [tigera-secure-es-7f5dee596fef130f-0] loaded module [x-pack-write-load-forecaster]
[2025-10-24T18:21:36,936][INFO ][o.e.p.PluginsService     ] [tigera-secure-es-7f5dee596fef130f-0] loaded module [search-business-rules]
[2025-10-24T18:21:36,936][INFO ][o.e.p.PluginsService     ] [tigera-secure-es-7f5dee596fef130f-0] loaded module [wildcard]
[2025-10-24T18:21:36,936][INFO ][o.e.p.PluginsService     ] [tigera-secure-es-7f5dee596fef130f-0] loaded module [ingest-attachment]
[2025-10-24T18:21:36,936][INFO ][o.e.p.PluginsService     ] [tigera-secure-es-7f5dee596fef130f-0] loaded module [x-pack-apm-data]
[2025-10-24T18:21:36,937][INFO ][o.e.p.PluginsService     ] [tigera-secure-es-7f5dee596fef130f-0] loaded module [unsigned-long]
[2025-10-24T18:21:36,937][INFO ][o.e.p.PluginsService     ] [tigera-secure-es-7f5dee596fef130f-0] loaded module [x-pack-sql]
[2025-10-24T18:21:36,937][INFO ][o.e.p.PluginsService     ] [tigera-secure-es-7f5dee596fef130f-0] loaded module [x-pack-async]
[2025-10-24T18:21:36,937][INFO ][o.e.p.PluginsService     ] [tigera-secure-es-7f5dee596fef130f-0] loaded module [runtime-fields-common]
[2025-10-24T18:21:36,938][INFO ][o.e.p.PluginsService     ] [tigera-secure-es-7f5dee596fef130f-0] loaded module [x-pack-kql]
[2025-10-24T18:21:36,938][INFO ][o.e.p.PluginsService     ] [tigera-secure-es-7f5dee596fef130f-0] loaded module [vector-tile]
[2025-10-24T18:21:36,938][INFO ][o.e.p.PluginsService     ] [tigera-secure-es-7f5dee596fef130f-0] loaded module [lang-expression]
[2025-10-24T18:21:36,938][INFO ][o.e.p.PluginsService     ] [tigera-secure-es-7f5dee596fef130f-0] loaded module [x-pack-eql]
[2025-10-24T18:21:43,023][INFO ][o.e.e.NodeEnvironment    ] [tigera-secure-es-7f5dee596fef130f-0] using [1] data paths, mounts [[/usr/share/elasticsearch/data (/dev/sdb)]], net usable_space [45.1gb], net total_space [48.9gb], types [ext4]
[2025-10-24T18:21:43,024][INFO ][o.e.e.NodeEnvironment    ] [tigera-secure-es-7f5dee596fef130f-0] heap size [2gb], compressed ordinary object pointers [true]
[2025-10-24T18:21:43,634][INFO ][o.e.n.Node               ] [tigera-secure-es-7f5dee596fef130f-0] node name [tigera-secure-es-7f5dee596fef130f-0], node ID [9PHmf3dCTaWZQtLw5NTlTQ], cluster name [tigera-secure], roles [master, remote_cluster_client, data, ingest]
[2025-10-24T18:21:57,832][INFO ][o.e.i.r.RecoverySettings ] [tigera-secure-es-7f5dee596fef130f-0] using rate limit [40mb] with [default=40mb, read=0b, write=0b, max=0b]
[2025-10-24T18:21:58,741][INFO ][o.e.f.FeatureService     ] [tigera-secure-es-7f5dee596fef130f-0] Registered local node features [cluster.stats.source_modes, data_stream.auto_sharding, data_stream.lifecycle.global_retention, data_stream.rollover.lazy, desired_node.version_deprecated, esql.agg_values, esql.async_query, esql.base64_decode_encode, esql.casting_operator, esql.counter_types, esql.disable_nullable_opts, esql.from_options, esql.metadata_fields, esql.metrics_counter_fields, esql.mv_ordering_sorted_ascending, esql.mv_sort, esql.resolve_fields_api, esql.spatial_points_from_source, esql.spatial_shapes, esql.st_centroid_agg, esql.st_contains_within, esql.st_disjoint, esql.st_intersects, esql.st_x_y, esql.string_literal_auto_casting, esql.string_literal_auto_casting_extended, esql.timespan_abbreviations, features_supported, file_settings, flattened.ignore_above_support, geoip.downloader.database.configuration, get_database_configuration_action.multi_node, health.dsl.info, health.extended_repository_indicator, knn_retriever_supported, license-trial-independent-version, linear_retriever_supported, logsdb_telemetry, logsdb_telemetry_stats, mapper.boolean_dimension, mapper.flattened.ignore_above_with_arrays_support, mapper.ignore_above_index_level_setting, mapper.index_sorting_on_nested, mapper.keyword_dimension_ignore_above, mapper.keyword_normalizer_synthetic_source, mapper.pass_through_priority, mapper.query_index_mode, mapper.range.null_values_off_by_one_fix, mapper.segment_level_fields_stats, mapper.source.synthetic_source_copy_to_fix, mapper.source.synthetic_source_copy_to_inside_objects_fix, mapper.source.synthetic_source_fallback, mapper.source.synthetic_source_stored_fields_advance_fix, mapper.source.synthetic_source_with_copy_to_and_doc_values_false, mapper.subobjects_auto, mapper.subobjects_auto_fixes, mapper.synthetic_source_keep, mapper.track_ignored_source, mapper.vectors.bbq, mapper.vectors.bit_vectors, mapper.vectors.int4_quantization, put_database_configuration_action.ipinfo, query_rule_list_types, query_rule_retriever_supported, query_rules.test, random_reranker_retriever_supported, repositories.supports_usage_stats, rest.capabilities_action, rest.local_only_capabilities, retrievers_supported, routing.boolean_routing_path, routing.multi_value_routing_path, rrf_retriever_composition_supported, rrf_retriever_supported, script.hamming, script.term_stats, search.vectors.k_param_supported, security.migration_framework, security.queryable_built_in_roles, security.role_mapping_cleanup, security.roles_metadata_flattened, semantic_text.default_elser_2, semantic_text.search_inference_id, simulate.component.template.substitutions, simulate.ignored.fields, simulate.index.template.substitutions, simulate.mapping.addition, simulate.mapping.validation, simulate.mapping.validation.templates, simulate.support.non.template.mapping, slm.interval_schedule, snapshot.repository_verify_integrity, standard_retriever_supported, stats.include_disk_thresholds, text_similarity_reranker_retriever_composition_supported, text_similarity_reranker_retriever_supported, tsdb.ts_routing_hash_doc_value_parse_byte_ref, unified_highlighter_matched_fields, usage.data_tiers.precalculate_stats]
[2025-10-24T18:21:58,922][INFO ][o.e.c.m.DataStreamGlobalRetentionSettings] [tigera-secure-es-7f5dee596fef130f-0] Updated default factory retention to [null]
[2025-10-24T18:21:58,923][INFO ][o.e.c.m.DataStreamGlobalRetentionSettings] [tigera-secure-es-7f5dee596fef130f-0] Updated max factory retention to [null]
[2025-10-24T18:22:00,721][INFO ][o.e.x.m.p.l.CppLogMessageHandler] [tigera-secure-es-7f5dee596fef130f-0] [controller/97] [Main.cc@123] controller (64 bit): Version 8.18.4 (Build 7ae83adc1f7995) Copyright (c) 2025 Elasticsearch BV
[2025-10-24T18:22:02,045][INFO ][o.e.x.o.OTelPlugin       ] [tigera-secure-es-7f5dee596fef130f-0] OTel ingest plugin is enabled
[2025-10-24T18:22:02,228][INFO ][o.e.x.c.t.YamlTemplateRegistry] [tigera-secure-es-7f5dee596fef130f-0] OpenTelemetry index template registry is enabled
[2025-10-24T18:22:02,233][INFO ][o.e.t.a.APM              ] [tigera-secure-es-7f5dee596fef130f-0] Sending apm metrics is disabled
[2025-10-24T18:22:02,234][INFO ][o.e.t.a.APM              ] [tigera-secure-es-7f5dee596fef130f-0] Sending apm tracing is disabled
[2025-10-24T18:22:02,436][INFO ][o.e.x.s.Security         ] [tigera-secure-es-7f5dee596fef130f-0] Security is enabled
[2025-10-24T18:22:04,815][INFO ][o.e.x.s.a.s.FileRolesStore] [tigera-secure-es-7f5dee596fef130f-0] parsed [55] roles from file [/usr/share/elasticsearch/config/roles.yml]
[2025-10-24T18:22:06,826][INFO ][o.e.x.w.Watcher          ] [tigera-secure-es-7f5dee596fef130f-0] Watcher initialized components at 2025-10-24T18:22:06.825Z
[2025-10-24T18:22:07,316][INFO ][o.e.x.p.ProfilingPlugin  ] [tigera-secure-es-7f5dee596fef130f-0] Profiling is enabled
[2025-10-24T18:22:07,421][INFO ][o.e.x.p.ProfilingPlugin  ] [tigera-secure-es-7f5dee596fef130f-0] profiling index templates will not be installed or reinstalled
[2025-10-24T18:22:07,438][INFO ][o.e.x.a.APMPlugin        ] [tigera-secure-es-7f5dee596fef130f-0] APM ingest plugin is enabled
[2025-10-24T18:22:07,711][INFO ][o.e.x.c.t.YamlTemplateRegistry] [tigera-secure-es-7f5dee596fef130f-0] apm index template registry is enabled
[2025-10-24T18:22:09,217][INFO ][o.e.t.n.NettyAllocator   ] [tigera-secure-es-7f5dee596fef130f-0] creating NettyAllocator with the following configs: [name=elasticsearch_configured, chunk_size=1mb, suggested_max_allocation_size=1mb, factors={es.unsafe.use_netty_default_chunk_and_page_size=false, g1gc_enabled=true, g1gc_region_size=4mb}]
[2025-10-24T18:22:09,323][INFO ][o.e.d.DiscoveryModule    ] [tigera-secure-es-7f5dee596fef130f-0] using discovery type [multi-node] and seed hosts providers [settings, file]
[2025-10-24T18:22:13,824][INFO ][o.e.n.Node               ] [tigera-secure-es-7f5dee596fef130f-0] initialized
[2025-10-24T18:22:13,825][INFO ][o.e.n.Node               ] [tigera-secure-es-7f5dee596fef130f-0] starting ...
[2025-10-24T18:22:13,851][INFO ][o.e.x.s.c.f.PersistentCache] [tigera-secure-es-7f5dee596fef130f-0] persistent cache index loaded
[2025-10-24T18:22:13,853][INFO ][o.e.x.d.l.DeprecationIndexingComponent] [tigera-secure-es-7f5dee596fef130f-0] deprecation component started
[2025-10-24T18:22:14,129][INFO ][o.e.t.TransportService   ] [tigera-secure-es-7f5dee596fef130f-0] publish_address {192.171.28.196:9300}, bound_addresses {:9300}
[2025-10-24T18:22:18,023][INFO ][o.e.b.BootstrapChecks    ] [tigera-secure-es-7f5dee596fef130f-0] bound or publishing to a non-loopback address, enforcing bootstrap checks
[2025-10-24T18:22:18,118][INFO ][o.e.c.c.ClusterBootstrapService] [tigera-secure-es-7f5dee596fef130f-0] this node is locked into cluster UUID [QQlmy5KpS2q22PXIJzwpqQ] and will not attempt further cluster bootstrapping
[2025-10-24T18:22:18,420][INFO ][o.e.c.s.MasterService    ] [tigera-secure-es-7f5dee596fef130f-0] elected-as-master ([1] nodes joined in term 3)[_FINISH_ELECTION_, {tigera-secure-es-7f5dee596fef130f-0}{9PHmf3dCTaWZQtLw5NTlTQ}{85BZJxtXSTuHbrTTzJBGIw}{tigera-secure-es-7f5dee596fef130f-0}{192.171.28.196}{192.171.28.196:9300}{dimr}{8.18.4}{7000099-8525000} completing election], term: 3, version: 313, delta: master node changed {previous [], current [{tigera-secure-es-7f5dee596fef130f-0}{9PHmf3dCTaWZQtLw5NTlTQ}{85BZJxtXSTuHbrTTzJBGIw}{tigera-secure-es-7f5dee596fef130f-0}{192.171.28.196}{192.171.28.196:9300}{dimr}{8.18.4}{7000099-8525000}]}
[2025-10-24T18:22:18,811][INFO ][o.e.c.s.ClusterApplierService] [tigera-secure-es-7f5dee596fef130f-0] master node changed {previous [], current [{tigera-secure-es-7f5dee596fef130f-0}{9PHmf3dCTaWZQtLw5NTlTQ}{85BZJxtXSTuHbrTTzJBGIw}{tigera-secure-es-7f5dee596fef130f-0}{192.171.28.196}{192.171.28.196:9300}{dimr}{8.18.4}{7000099-8525000}]}, term: 3, version: 313, reason: Publication{term=3, version=313}
[2025-10-24T18:22:18,921][INFO ][o.e.r.ReadinessService   ] [tigera-secure-es-7f5dee596fef130f-0] readiness change: masterElected=true
[2025-10-24T18:22:18,922][INFO ][o.e.r.ReadinessService   ] [tigera-secure-es-7f5dee596fef130f-0] readiness change: fileSettingsApplied=false
[2025-10-24T18:22:18,934][INFO ][o.e.c.c.NodeJoinExecutor ] [tigera-secure-es-7f5dee596fef130f-0] node-join: [{tigera-secure-es-7f5dee596fef130f-0}{9PHmf3dCTaWZQtLw5NTlTQ}{85BZJxtXSTuHbrTTzJBGIw}{tigera-secure-es-7f5dee596fef130f-0}{192.171.28.196}{192.171.28.196:9300}{dimr}{8.18.4}{7000099-8525000}] with reason [completing election]
[2025-10-24T18:22:19,015][INFO ][o.e.h.AbstractHttpServerTransport] [tigera-secure-es-7f5dee596fef130f-0] publish_address {tigera-secure-es-7f5dee596fef130f-0.tigera-secure-es-7f5dee596fef130f.tigera-elasticsearch.svc/192.171.28.196:9200}, bound_addresses {:9200}
[2025-10-24T18:22:19,019][INFO ][o.e.x.w.LicensedWriteLoadForecaster] [tigera-secure-es-7f5dee596fef130f-0] license state changed, now [valid]
[2025-10-24T18:22:19,131][INFO ][o.e.n.Node               ] [tigera-secure-es-7f5dee596fef130f-0] started {tigera-secure-es-7f5dee596fef130f-0}{9PHmf3dCTaWZQtLw5NTlTQ}{85BZJxtXSTuHbrTTzJBGIw}{tigera-secure-es-7f5dee596fef130f-0}{192.171.28.196}{192.171.28.196:9300}{dimr}{8.18.4}{7000099-8525000}{xpack.installed=true, transform.config_version=10.0.0, k8s_node_name=glen-bz-wr2x-kadm-infra-2.us-central1-a.c.tigera-dev.internal, ml.config_version=12.0.0}
[2025-10-24T18:22:19,429][WARN ][o.e.x.i.s.e.a.ElasticInferenceServiceAuthorizationHandler] [tigera-secure-es-7f5dee596fef130f-0] Failed to revoke access to default inference endpoint IDs: [rainbow-sprinkles], error: org.elasticsearch.cluster.block.ClusterBlockException: blocked by: [SERVICE_UNAVAILABLE/1/state not recovered / initialized];
[2025-10-24T18:22:21,831][INFO ][o.e.r.ReadinessService   ] [tigera-secure-es-7f5dee596fef130f-0] readiness change: fileSettingsApplied=true
[2025-10-24T18:22:21,835][INFO ][o.e.x.m.MlIndexRollover  ] [tigera-secure-es-7f5dee596fef130f-0] ML legacy indices rolled over
[2025-10-24T18:22:21,837][INFO ][o.e.x.m.MlAnomaliesIndexUpdate] [tigera-secure-es-7f5dee596fef130f-0] legacy ml anomalies indices rolled over and aliases updated
[2025-10-24T18:22:21,909][INFO ][o.e.r.ReadinessService   ] [tigera-secure-es-7f5dee596fef130f-0] readiness service up and running on :8080
[2025-10-24T18:22:21,914][INFO ][o.e.x.s.a.Realms         ] [tigera-secure-es-7f5dee596fef130f-0] license mode is [basic], currently licensed security realms are [reserved/reserved,file/file1,native/native1]
[2025-10-24T18:22:21,918][INFO ][o.e.l.ClusterStateLicenseService] [tigera-secure-es-7f5dee596fef130f-0] license [a915549c-b450-4d13-95dd-446c1d68e32f] mode [basic] - valid
[2025-10-24T18:22:21,921][INFO ][o.e.c.f.AbstractFileWatchingService] [tigera-secure-es-7f5dee596fef130f-0] starting file watcher ...
[2025-10-24T18:22:21,928][INFO ][o.e.c.f.AbstractFileWatchingService] [tigera-secure-es-7f5dee596fef130f-0] file settings service up and running [tid=66]
[2025-10-24T18:22:21,930][INFO ][o.e.r.s.FileSettingsService] [tigera-secure-es-7f5dee596fef130f-0] processing path [/usr/share/elasticsearch/config/operator/settings.json] for [file_settings] on service start
[2025-10-24T18:22:22,011][INFO ][o.e.g.GatewayService     ] [tigera-secure-es-7f5dee596fef130f-0] recovered [39] indices into cluster_state
[2025-10-24T18:22:22,513][INFO ][o.e.r.s.ReservedClusterStateService] [tigera-secure-es-7f5dee596fef130f-0] Successfully applied new reserved cluster state for namespace [file_settings]
[2025-10-24T18:22:22,533][INFO ][o.e.x.w.LicensedWriteLoadForecaster] [tigera-secure-es-7f5dee596fef130f-0] license state changed, now [not valid]
[2025-10-24T18:22:23,719][INFO ][o.e.h.n.s.HealthNodeTaskExecutor] [tigera-secure-es-7f5dee596fef130f-0] Node [{tigera-secure-es-7f5dee596fef130f-0}{9PHmf3dCTaWZQtLw5NTlTQ}] is selected as the current health node.
